Determining if the pthread_create exist failed with the following output:
Change Dir: /home/andreas/ParallellComputing/ParallellComputing/TDT4200-assignment-4-master/CMakeFiles/CMakeTmp

Run Build Command:"/usr/bin/make" "cmTC_9398e/fast"
/usr/bin/make -f CMakeFiles/cmTC_9398e.dir/build.make CMakeFiles/cmTC_9398e.dir/build
make[1]: Entering directory '/home/andreas/ParallellComputing/ParallellComputing/TDT4200-assignment-4-master/CMakeFiles/CMakeTmp'
Building C object CMakeFiles/cmTC_9398e.dir/CheckSymbolExists.c.o
/usr/bin/gcc-6   -fPIC    -o CMakeFiles/cmTC_9398e.dir/CheckSymbolExists.c.o   -c /home/andreas/ParallellComputing/ParallellComputing/TDT4200-assignment-4-master/CMakeFiles/CMakeTmp/CheckSymbolExists.c
Linking C executable cmTC_9398e
/usr/bin/cmake -E cmake_link_script CMakeFiles/cmTC_9398e.dir/link.txt --verbose=1
/usr/bin/gcc-6 -fPIC     -rdynamic CMakeFiles/cmTC_9398e.dir/CheckSymbolExists.c.o  -o cmTC_9398e 
CMakeFiles/cmTC_9398e.dir/CheckSymbolExists.c.o: In function `main':
CheckSymbolExists.c:(.text+0x1b): undefined reference to `pthread_create'
collect2: error: ld returned 1 exit status
CMakeFiles/cmTC_9398e.dir/build.make:97: recipe for target 'cmTC_9398e' failed
make[1]: *** [cmTC_9398e] Error 1
make[1]: Leaving directory '/home/andreas/ParallellComputing/ParallellComputing/TDT4200-assignment-4-master/CMakeFiles/CMakeTmp'
Makefile:126: recipe for target 'cmTC_9398e/fast' failed
make: *** [cmTC_9398e/fast] Error 2

File /home/andreas/ParallellComputing/ParallellComputing/TDT4200-assignment-4-master/CMakeFiles/CMakeTmp/CheckSymbolExists.c:
/* */
#include <pthread.h>

int main(int argc, char** argv)
{
  (void)argv;
#ifndef pthread_create
  return ((int*)(&pthread_create))[argc];
#else
  (void)argc;
  return 0;
#endif
}

Determining if the function pthread_create exists in the pthreads failed with the following output:
Change Dir: /home/andreas/ParallellComputing/ParallellComputing/TDT4200-assignment-4-master/CMakeFiles/CMakeTmp

Run Build Command:"/usr/bin/make" "cmTC_e5c0e/fast"
/usr/bin/make -f CMakeFiles/cmTC_e5c0e.dir/build.make CMakeFiles/cmTC_e5c0e.dir/build
make[1]: Entering directory '/home/andreas/ParallellComputing/ParallellComputing/TDT4200-assignment-4-master/CMakeFiles/CMakeTmp'
Building C object CMakeFiles/cmTC_e5c0e.dir/CheckFunctionExists.c.o
/usr/bin/gcc-6   -fPIC -DCHECK_FUNCTION_EXISTS=pthread_create   -o CMakeFiles/cmTC_e5c0e.dir/CheckFunctionExists.c.o   -c /usr/share/cmake-3.10/Modules/CheckFunctionExists.c
Linking C executable cmTC_e5c0e
/usr/bin/cmake -E cmake_link_script CMakeFiles/cmTC_e5c0e.dir/link.txt --verbose=1
/usr/bin/gcc-6 -fPIC -DCHECK_FUNCTION_EXISTS=pthread_create    -rdynamic CMakeFiles/cmTC_e5c0e.dir/CheckFunctionExists.c.o  -o cmTC_e5c0e -lpthreads 
/usr/bin/x86_64-linux-gnu-ld: cannot find -lpthreads
collect2: error: ld returned 1 exit status
CMakeFiles/cmTC_e5c0e.dir/build.make:97: recipe for target 'cmTC_e5c0e' failed
make[1]: *** [cmTC_e5c0e] Error 1
make[1]: Leaving directory '/home/andreas/ParallellComputing/ParallellComputing/TDT4200-assignment-4-master/CMakeFiles/CMakeTmp'
Makefile:126: recipe for target 'cmTC_e5c0e/fast' failed
make: *** [cmTC_e5c0e/fast] Error 2


